<?xml version="1.0" encoding="UTF-8"?>
<!-- Generated by org.testng.reporters.JUnitReportReporter -->
<testsuite hostname="Rohit" failures="0" tests="3" name="SeleniumFrameworkPOM.Test.submitOrderTest" time="23.297" errors="0" timestamp="2023-12-31T18:30:35 IST" skipped="0">
  <testcase classname="SeleniumFrameworkPOM.Test.submitOrderTest" name="submitOrder" time="5.963"/>
  <testcase classname="SeleniumFrameworkPOM.Test.submitOrderTest" name="submitOrder" time="6.133"/>
  <testcase classname="SeleniumFrameworkPOM.Test.submitOrderTest" name="orderHistoryTest" time="11.201"/>
</testsuite> <!-- SeleniumFrameworkPOM.Test.submitOrderTest -->
