<?xml version="1.0" encoding="UTF-8"?>
<!-- Generated by org.testng.reporters.JUnitReportReporter -->
<testsuite hostname="Rohit" failures="0" tests="3" name="SeleniumFrameworkPOM.Test.submitOrderTest" time="20.922" errors="0" timestamp="2023-12-31T15:33:01 IST" skipped="0">
  <testcase classname="SeleniumFrameworkPOM.Test.submitOrderTest" name="submitOrder" time="9.520"/>
  <testcase classname="SeleniumFrameworkPOM.Test.submitOrderTest" name="orderHistoryTest" time="4.783"/>
  <testcase classname="SeleniumFrameworkPOM.Test.submitOrderTest" name="submitOrder" time="6.619"/>
</testsuite> <!-- SeleniumFrameworkPOM.Test.submitOrderTest -->
