<?xml version="1.0" encoding="UTF-8"?>
<!-- Generated by org.testng.reporters.JUnitReportReporter -->
<testsuite hostname="Rohit" failures="0" tests="2" name="SeleniumFrameworkPOM.Test.ErrorValidation" time="14.468" errors="0" timestamp="2023-12-31T15:33:01 IST" skipped="0">
  <testcase classname="SeleniumFrameworkPOM.Test.ErrorValidation" name="productErrorValidation" time="10.876"/>
  <testcase classname="SeleniumFrameworkPOM.Test.ErrorValidation" name="LoginErrorValidation" time="3.592"/>
</testsuite> <!-- SeleniumFrameworkPOM.Test.ErrorValidation -->
